
*** Running vivado
    with args -log top_level_block_gpio_buffer_o_0_0.vds -m64 -product Vivado -mode batch -messageDb vivado.pb -notrace -source top_level_block_gpio_buffer_o_0_0.tcl



****** Vivado v2021.2 (64-bit)
  **** SW Build 3367213 on Tue Oct 19 02:48:09 MDT 2021
  **** IP Build 3369179 on Thu Oct 21 08:25:16 MDT 2021
    ** Copyright 1986-2021 Xilinx, Inc. All Rights Reserved.

source top_level_block_gpio_buffer_o_0_0.tcl -notrace
create_project: Time (s): cpu = 00:00:11 ; elapsed = 00:00:12 . Memory (MB): peak = 1243.457 ; gain = 23.844
INFO: [IP_Flow 19-234] Refreshing IP repositories
INFO: [IP_Flow 19-1704] No user IP repositories specified
INFO: [IP_Flow 19-2313] Loaded Vivado IP repository 'C:/Xilinx/Vivado/2021.2/data/ip'.
Command: synth_design -top top_level_block_gpio_buffer_o_0_0 -part xczu29dr-ffvf1760-2-e -mode out_of_context
Starting synth_design
Attempting to get a license for feature 'Synthesis' and/or device 'xczu29dr'
INFO: [Common 17-349] Got license for feature 'Synthesis' and/or device 'xczu29dr'
INFO: [Common 17-86] Your Synthesis license expires in 27 day(s)
INFO: [Device 21-403] Loading part xczu29dr-ffvf1760-2-e
INFO: [Synth 8-7079] Multithreading enabled for synth_design using a maximum of 2 processes.
INFO: [Synth 8-7078] Launching helper process for spawning children vivado processes
INFO: [Synth 8-7075] Helper process launched with PID 36516
---------------------------------------------------------------------------------
Starting RTL Elaboration : Time (s): cpu = 00:00:09 ; elapsed = 00:00:13 . Memory (MB): peak = 1683.316 ; gain = 259.586
---------------------------------------------------------------------------------
INFO: [Synth 8-6157] synthesizing module 'top_level_block_gpio_buffer_o_0_0' [d:/repos/RFSoC_GTY/vivado_project/RFSoC_GTY.gen/sources_1/bd/top_level_block/ip/top_level_block_gpio_buffer_o_0_0/synth/top_level_block_gpio_buffer_o_0_0.v:58]
INFO: [Synth 8-6157] synthesizing module 'gpio_buffer_o' [D:/repos/RFSoC_GTY/verilog_source/rtl/gpio_buffer.v:33]
INFO: [Synth 8-6155] done synthesizing module 'gpio_buffer_o' (1#1) [D:/repos/RFSoC_GTY/verilog_source/rtl/gpio_buffer.v:33]
INFO: [Synth 8-6155] done synthesizing module 'top_level_block_gpio_buffer_o_0_0' (2#1) [d:/repos/RFSoC_GTY/vivado_project/RFSoC_GTY.gen/sources_1/bd/top_level_block/ip/top_level_block_gpio_buffer_o_0_0/synth/top_level_block_gpio_buffer_o_0_0.v:58]
WARNING: [Synth 8-7129] Port s_axis_tvalid in module gpio_buffer_o is either unconnected or has no load
WARNING: [Synth 8-7129] Port s_axis_tdata[31] in module gpio_buffer_o is either unconnected or has no load
WARNING: [Synth 8-7129] Port s_axis_tdata[30] in module gpio_buffer_o is either unconnected or has no load
WARNING: [Synth 8-7129] Port s_axis_tdata[29] in module gpio_buffer_o is either unconnected or has no load
WARNING: [Synth 8-7129] Port s_axis_tdata[28] in module gpio_buffer_o is either unconnected or has no load
WARNING: [Synth 8-7129] Port s_axis_tdata[27] in module gpio_buffer_o is either unconnected or has no load
WARNING: [Synth 8-7129] Port s_axis_tdata[26] in module gpio_buffer_o is either unconnected or has no load
WARNING: [Synth 8-7129] Port s_axis_tdata[25] in module gpio_buffer_o is either unconnected or has no load
WARNING: [Synth 8-7129] Port s_axis_tdata[24] in module gpio_buffer_o is either unconnected or has no load
WARNING: [Synth 8-7129] Port s_axis_tdata[23] in module gpio_buffer_o is either unconnected or has no load
WARNING: [Synth 8-7129] Port s_axis_tdata[22] in module gpio_buffer_o is either unconnected or has no load
WARNING: [Synth 8-7129] Port s_axis_tdata[21] in module gpio_buffer_o is either unconnected or has no load
WARNING: [Synth 8-7129] Port s_axis_tdata[20] in module gpio_buffer_o is either unconnected or has no load
WARNING: [Synth 8-7129] Port s_axis_tdata[19] in module gpio_buffer_o is either unconnected or has no load
WARNING: [Synth 8-7129] Port s_axis_tdata[18] in module gpio_buffer_o is either unconnected or has no load
WARNING: [Synth 8-7129] Port s_axis_tdata[17] in module gpio_buffer_o is either unconnected or has no load
WARNING: [Synth 8-7129] Port s_axis_tdata[16] in module gpio_buffer_o is either unconnected or has no load
WARNING: [Synth 8-7129] Port m_axis_tready in module gpio_buffer_o is either unconnected or has no load
---------------------------------------------------------------------------------
Finished RTL Elaboration : Time (s): cpu = 00:00:11 ; elapsed = 00:00:15 . Memory (MB): peak = 1732.203 ; gain = 308.473
---------------------------------------------------------------------------------
---------------------------------------------------------------------------------
Start Handling Custom Attributes
---------------------------------------------------------------------------------
---------------------------------------------------------------------------------
Finished Handling Custom Attributes : Time (s): cpu = 00:00:12 ; elapsed = 00:00:16 . Memory (MB): peak = 1750.133 ; gain = 326.402
---------------------------------------------------------------------------------
---------------------------------------------------------------------------------
Finished RTL Optimization Phase 1 : Time (s): cpu = 00:00:12 ; elapsed = 00:00:16 . Memory (MB): peak = 1750.133 ; gain = 326.402
---------------------------------------------------------------------------------
Netlist sorting complete. Time (s): cpu = 00:00:00 ; elapsed = 00:00:00.004 . Memory (MB): peak = 1750.133 ; gain = 0.000
INFO: [Project 1-570] Preparing netlist for logic optimization

Processing XDC Constraints
Initializing timing engine
Completed Processing XDC Constraints

Netlist sorting complete. Time (s): cpu = 00:00:00 ; elapsed = 00:00:00 . Memory (MB): peak = 1779.285 ; gain = 0.000
INFO: [Project 1-111] Unisim Transformation Summary:
No Unisim elements were transformed.

Constraint Validation Runtime : Time (s): cpu = 00:00:00 ; elapsed = 00:00:00.041 . Memory (MB): peak = 1791.410 ; gain = 12.125
---------------------------------------------------------------------------------
Finished Constraint Validation : Time (s): cpu = 00:00:25 ; elapsed = 00:00:33 . Memory (MB): peak = 1791.410 ; gain = 367.680
---------------------------------------------------------------------------------
---------------------------------------------------------------------------------
Start Loading Part and Timing Information
---------------------------------------------------------------------------------
Loading part: xczu29dr-ffvf1760-2-e
INFO: [Synth 8-6742] Reading net delay rules and data
---------------------------------------------------------------------------------
Finished Loading Part and Timing Information : Time (s): cpu = 00:00:25 ; elapsed = 00:00:33 . Memory (MB): peak = 1791.410 ; gain = 367.680
---------------------------------------------------------------------------------
---------------------------------------------------------------------------------
Start Applying 'set_property' XDC Constraints
---------------------------------------------------------------------------------
---------------------------------------------------------------------------------
Finished applying 'set_property' XDC Constraints : Time (s): cpu = 00:00:25 ; elapsed = 00:00:33 . Memory (MB): peak = 1791.410 ; gain = 367.680
---------------------------------------------------------------------------------
---------------------------------------------------------------------------------
Finished RTL Optimization Phase 2 : Time (s): cpu = 00:00:25 ; elapsed = 00:00:34 . Memory (MB): peak = 1791.410 ; gain = 367.680
---------------------------------------------------------------------------------
---------------------------------------------------------------------------------
Start RTL Component Statistics 
---------------------------------------------------------------------------------
Detailed RTL Component Info : 
---------------------------------------------------------------------------------
Finished RTL Component Statistics 
---------------------------------------------------------------------------------
---------------------------------------------------------------------------------
Start Part Resource Summary
---------------------------------------------------------------------------------
Part Resources:
DSPs: 4272 (col length:192)
BRAMs: 2160 (col length: RAMB18 192 RAMB36 96)
---------------------------------------------------------------------------------
Finished Part Resource Summary
---------------------------------------------------------------------------------
---------------------------------------------------------------------------------
Start Cross Boundary and Area Optimization
---------------------------------------------------------------------------------
WARNING: [Synth 8-7080] Parallel synthesis criteria is not met
WARNING: [Synth 8-3330] design top_level_block_gpio_buffer_o_0_0 has an empty top module
INFO: [Synth 8-3917] design top_level_block_gpio_buffer_o_0_0 has port gpio_out[31] driven by constant 0
INFO: [Synth 8-3917] design top_level_block_gpio_buffer_o_0_0 has port gpio_out[30] driven by constant 0
INFO: [Synth 8-3917] design top_level_block_gpio_buffer_o_0_0 has port gpio_out[29] driven by constant 0
INFO: [Synth 8-3917] design top_level_block_gpio_buffer_o_0_0 has port gpio_out[28] driven by constant 0
INFO: [Synth 8-3917] design top_level_block_gpio_buffer_o_0_0 has port gpio_out[27] driven by constant 0
INFO: [Synth 8-3917] design top_level_block_gpio_buffer_o_0_0 has port gpio_out[26] driven by constant 0
INFO: [Synth 8-3917] design top_level_block_gpio_buffer_o_0_0 has port gpio_out[25] driven by constant 0
INFO: [Synth 8-3917] design top_level_block_gpio_buffer_o_0_0 has port gpio_out[24] driven by constant 0
INFO: [Synth 8-3917] design top_level_block_gpio_buffer_o_0_0 has port gpio_out[23] driven by constant 0
INFO: [Synth 8-3917] design top_level_block_gpio_buffer_o_0_0 has port gpio_out[22] driven by constant 0
INFO: [Synth 8-3917] design top_level_block_gpio_buffer_o_0_0 has port gpio_out[21] driven by constant 0
INFO: [Synth 8-3917] design top_level_block_gpio_buffer_o_0_0 has port gpio_out[20] driven by constant 0
INFO: [Synth 8-3917] design top_level_block_gpio_buffer_o_0_0 has port gpio_out[19] driven by constant 0
INFO: [Synth 8-3917] design top_level_block_gpio_buffer_o_0_0 has port gpio_out[18] driven by constant 0
INFO: [Synth 8-3917] design top_level_block_gpio_buffer_o_0_0 has port gpio_out[17] driven by constant 0
INFO: [Synth 8-3917] design top_level_block_gpio_buffer_o_0_0 has port gpio_out[16] driven by constant 0
INFO: [Synth 8-3917] design top_level_block_gpio_buffer_o_0_0 has port s_axis_tready driven by constant 1
INFO: [Synth 8-3917] design top_level_block_gpio_buffer_o_0_0 has port m_axis_tvalid driven by constant 1
WARNING: [Synth 8-7129] Port s_axis_tvalid in module top_level_block_gpio_buffer_o_0_0 is either unconnected or has no load
WARNING: [Synth 8-7129] Port s_axis_tdata[31] in module top_level_block_gpio_buffer_o_0_0 is either unconnected or has no load
WARNING: [Synth 8-7129] Port s_axis_tdata[30] in module top_level_block_gpio_buffer_o_0_0 is either unconnected or has no load
WARNING: [Synth 8-7129] Port s_axis_tdata[29] in module top_level_block_gpio_buffer_o_0_0 is either unconnected or has no load
WARNING: [Synth 8-7129] Port s_axis_tdata[28] in module top_level_block_gpio_buffer_o_0_0 is either unconnected or has no load
WARNING: [Synth 8-7129] Port s_axis_tdata[27] in module top_level_block_gpio_buffer_o_0_0 is either unconnected or has no load
WARNING: [Synth 8-7129] Port s_axis_tdata[26] in module top_level_block_gpio_buffer_o_0_0 is either unconnected or has no load
WARNING: [Synth 8-7129] Port s_axis_tdata[25] in module top_level_block_gpio_buffer_o_0_0 is either unconnected or has no load
WARNING: [Synth 8-7129] Port s_axis_tdata[24] in module top_level_block_gpio_buffer_o_0_0 is either unconnected or has no load
WARNING: [Synth 8-7129] Port s_axis_tdata[23] in module top_level_block_gpio_buffer_o_0_0 is either unconnected or has no load
WARNING: [Synth 8-7129] Port s_axis_tdata[22] in module top_level_block_gpio_buffer_o_0_0 is either unconnected or has no load
WARNING: [Synth 8-7129] Port s_axis_tdata[21] in module top_level_block_gpio_buffer_o_0_0 is either unconnected or has no load
WARNING: [Synth 8-7129] Port s_axis_tdata[20] in module top_level_block_gpio_buffer_o_0_0 is either unconnected or has no load
WARNING: [Synth 8-7129] Port s_axis_tdata[19] in module top_level_block_gpio_buffer_o_0_0 is either unconnected or has no load
WARNING: [Synth 8-7129] Port s_axis_tdata[18] in module top_level_block_gpio_buffer_o_0_0 is either unconnected or has no load
WARNING: [Synth 8-7129] Port s_axis_tdata[17] in module top_level_block_gpio_buffer_o_0_0 is either unconnected or has no load
WARNING: [Synth 8-7129] Port s_axis_tdata[16] in module top_level_block_gpio_buffer_o_0_0 is either unconnected or has no load
WARNING: [Synth 8-7129] Port m_axis_tready in module top_level_block_gpio_buffer_o_0_0 is either unconnected or has no load
---------------------------------------------------------------------------------
Finished Cross Boundary and Area Optimization : Time (s): cpu = 00:00:29 ; elapsed = 00:00:37 . Memory (MB): peak = 1791.410 ; gain = 367.680
---------------------------------------------------------------------------------
---------------------------------------------------------------------------------
Start Applying XDC Timing Constraints
---------------------------------------------------------------------------------
---------------------------------------------------------------------------------
Finished Applying XDC Timing Constraints : Time (s): cpu = 00:00:50 ; elapsed = 00:01:10 . Memory (MB): peak = 2231.684 ; gain = 807.953
---------------------------------------------------------------------------------
---------------------------------------------------------------------------------
Start Timing Optimization
---------------------------------------------------------------------------------
---------------------------------------------------------------------------------
Finished Timing Optimization : Time (s): cpu = 00:00:50 ; elapsed = 00:01:10 . Memory (MB): peak = 2231.684 ; gain = 807.953
---------------------------------------------------------------------------------
---------------------------------------------------------------------------------
Start Technology Mapping
---------------------------------------------------------------------------------
---------------------------------------------------------------------------------
Finished Technology Mapping : Time (s): cpu = 00:00:50 ; elapsed = 00:01:10 . Memory (MB): peak = 2250.781 ; gain = 827.051
---------------------------------------------------------------------------------
---------------------------------------------------------------------------------
Start IO Insertion
---------------------------------------------------------------------------------
---------------------------------------------------------------------------------
Start Flattening Before IO Insertion
---------------------------------------------------------------------------------
---------------------------------------------------------------------------------
Finished Flattening Before IO Insertion
---------------------------------------------------------------------------------
---------------------------------------------------------------------------------
Start Final Netlist Cleanup
---------------------------------------------------------------------------------
---------------------------------------------------------------------------------
Finished Final Netlist Cleanup
---------------------------------------------------------------------------------
---------------------------------------------------------------------------------
Finished IO Insertion : Time (s): cpu = 00:00:56 ; elapsed = 00:01:17 . Memory (MB): peak = 2256.578 ; gain = 832.848
---------------------------------------------------------------------------------
---------------------------------------------------------------------------------
Start Renaming Generated Instances
---------------------------------------------------------------------------------
---------------------------------------------------------------------------------
Finished Renaming Generated Instances : Time (s): cpu = 00:00:56 ; elapsed = 00:01:17 . Memory (MB): peak = 2256.578 ; gain = 832.848
---------------------------------------------------------------------------------
---------------------------------------------------------------------------------
Start Rebuilding User Hierarchy
---------------------------------------------------------------------------------
---------------------------------------------------------------------------------
Finished Rebuilding User Hierarchy : Time (s): cpu = 00:00:56 ; elapsed = 00:01:17 . Memory (MB): peak = 2256.578 ; gain = 832.848
---------------------------------------------------------------------------------
---------------------------------------------------------------------------------
Start Renaming Generated Ports
---------------------------------------------------------------------------------
---------------------------------------------------------------------------------
Finished Renaming Generated Ports : Time (s): cpu = 00:00:56 ; elapsed = 00:01:17 . Memory (MB): peak = 2256.578 ; gain = 832.848
---------------------------------------------------------------------------------
---------------------------------------------------------------------------------
Start Handling Custom Attributes
---------------------------------------------------------------------------------
---------------------------------------------------------------------------------
Finished Handling Custom Attributes : Time (s): cpu = 00:00:56 ; elapsed = 00:01:17 . Memory (MB): peak = 2256.578 ; gain = 832.848
---------------------------------------------------------------------------------
---------------------------------------------------------------------------------
Start Renaming Generated Nets
---------------------------------------------------------------------------------
---------------------------------------------------------------------------------
Finished Renaming Generated Nets : Time (s): cpu = 00:00:56 ; elapsed = 00:01:17 . Memory (MB): peak = 2256.578 ; gain = 832.848
---------------------------------------------------------------------------------
---------------------------------------------------------------------------------
Start Writing Synthesis Report
---------------------------------------------------------------------------------

Report BlackBoxes: 
+-+--------------+----------+
| |BlackBox name |Instances |
+-+--------------+----------+
+-+--------------+----------+

Report Cell Usage: 
+-+-----+------+
| |Cell |Count |
+-+-----+------+
+-+-----+------+
---------------------------------------------------------------------------------
Finished Writing Synthesis Report : Time (s): cpu = 00:00:56 ; elapsed = 00:01:17 . Memory (MB): peak = 2256.578 ; gain = 832.848
---------------------------------------------------------------------------------
Synthesis finished with 0 errors, 0 critical warnings and 20 warnings.
Synthesis Optimization Runtime : Time (s): cpu = 00:00:41 ; elapsed = 00:01:12 . Memory (MB): peak = 2256.578 ; gain = 791.570
Synthesis Optimization Complete : Time (s): cpu = 00:00:57 ; elapsed = 00:01:17 . Memory (MB): peak = 2256.578 ; gain = 832.848
INFO: [Project 1-571] Translating synthesized netlist
Netlist sorting complete. Time (s): cpu = 00:00:00 ; elapsed = 00:00:00.002 . Memory (MB): peak = 2256.578 ; gain = 0.000
INFO: [Project 1-570] Preparing netlist for logic optimization
INFO: [Opt 31-138] Pushed 0 inverter(s) to 0 load pin(s).
Netlist sorting complete. Time (s): cpu = 00:00:00 ; elapsed = 00:00:00 . Memory (MB): peak = 2316.066 ; gain = 0.000
INFO: [Project 1-111] Unisim Transformation Summary:
No Unisim elements were transformed.

Synth Design complete, checksum: 3ffdc414
INFO: [Common 17-83] Releasing license: Synthesis
39 Infos, 38 Warnings, 0 Critical Warnings and 0 Errors encountered.
synth_design completed successfully
synth_design: Time (s): cpu = 00:01:14 ; elapsed = 00:01:42 . Memory (MB): peak = 2322.086 ; gain = 1078.629
INFO: [Common 17-1381] The checkpoint 'D:/repos/RFSoC_GTY/vivado_project/RFSoC_GTY.runs/top_level_block_gpio_buffer_o_0_0_synth_1/top_level_block_gpio_buffer_o_0_0.dcp' has been generated.
INFO: [Coretcl 2-1648] Added synthesis output to IP cache for IP top_level_block_gpio_buffer_o_0_0, cache-ID = 24bdf62b6d33d372
INFO: [Common 17-1381] The checkpoint 'D:/repos/RFSoC_GTY/vivado_project/RFSoC_GTY.runs/top_level_block_gpio_buffer_o_0_0_synth_1/top_level_block_gpio_buffer_o_0_0.dcp' has been generated.
INFO: [runtcl-4] Executing : report_utilization -file top_level_block_gpio_buffer_o_0_0_utilization_synth.rpt -pb top_level_block_gpio_buffer_o_0_0_utilization_synth.pb
INFO: [Common 17-206] Exiting Vivado at Wed Jan 26 18:04:51 2022...
